{"uid":"850b8a8ef31eef91","name":"Add label to existing issue for authorized user","fullName":"src/test/resources/features/labels-web.feature:16","historyId":"1a77a3930e9350b6a65d59f988879849","time":{"start":1693575734987,"stop":1693575735999,"duration":1012},"status":"failed","statusMessage":"expected [another text] but found [hello]","statusTrace":"java.lang.AssertionError: expected [another text] but found [hello]\n\tat org.testng.Assert.fail(Assert.java:99)\n\tat org.testng.Assert.failNotEquals(Assert.java:1037)\n\tat org.testng.Assert.assertEqualsImpl(Assert.java:140)\n\tat org.testng.Assert.assertEquals(Assert.java:122)\n\tat org.testng.Assert.assertEquals(Assert.java:629)\n\tat org.testng.Assert.assertEquals(Assert.java:639)\n\tat io.qameta.allure.examples.cucumber6.WebSteps.maybeThrowAssertionException(WebSteps.java:97)\n\tat io.qameta.allure.examples.cucumber6.WebSteps.labelsShouldContainsNoteWithText(WebSteps.java:44)\n\tat ✽.I should see issue with label title \"hello\"(file:///home/runner/work/allure-cucumber6-testng-gradle-kts/allure-cucumber6-testng-gradle-kts/src/test/resources/features/labels-web.feature:20)\n","flaky":false,"newFailed":false,"newBroken":false,"newPassed":false,"retriesCount":0,"retriesStatusChange":false,"beforeStages":[],"testStage":{"status":"failed","statusMessage":"expected [another text] but found [hello]","statusTrace":"java.lang.AssertionError: expected [another text] but found [hello]\n\tat org.testng.Assert.fail(Assert.java:99)\n\tat org.testng.Assert.failNotEquals(Assert.java:1037)\n\tat org.testng.Assert.assertEqualsImpl(Assert.java:140)\n\tat org.testng.Assert.assertEquals(Assert.java:122)\n\tat org.testng.Assert.assertEquals(Assert.java:629)\n\tat org.testng.Assert.assertEquals(Assert.java:639)\n\tat io.qameta.allure.examples.cucumber6.WebSteps.maybeThrowAssertionException(WebSteps.java:97)\n\tat io.qameta.allure.examples.cucumber6.WebSteps.labelsShouldContainsNoteWithText(WebSteps.java:44)\n\tat ✽.I should see issue with label title \"hello\"(file:///home/runner/work/allure-cucumber6-testng-gradle-kts/allure-cucumber6-testng-gradle-kts/src/test/resources/features/labels-web.feature:20)\n","steps":[{"name":"When  I open issue with id 123123","time":{"start":1693575734990,"stop":1693575734990,"duration":0},"status":"passed","steps":[],"attachments":[],"parameters":[],"stepsCount":0,"attachmentsCount":0,"shouldDisplayMessage":false,"hasContent":false},{"name":"And  I add label with title \"hello\" to issue","time":{"start":1693575734991,"stop":1693575734991,"duration":0},"status":"passed","steps":[],"attachments":[],"parameters":[],"stepsCount":0,"attachmentsCount":0,"shouldDisplayMessage":false,"hasContent":false},{"name":"And  I filter issue by label title \"hello\"","time":{"start":1693575734992,"stop":1693575734993,"duration":1},"status":"passed","steps":[],"attachments":[],"parameters":[],"stepsCount":0,"attachmentsCount":0,"shouldDisplayMessage":false,"hasContent":false},{"name":"Then  I should see issue with label title \"hello\"","time":{"start":1693575734993,"stop":1693575735997,"duration":1004},"status":"failed","statusMessage":"expected [another text] but found [hello]","statusTrace":"java.lang.AssertionError: expected [another text] but found [hello]\n\tat org.testng.Assert.fail(Assert.java:99)\n\tat org.testng.Assert.failNotEquals(Assert.java:1037)\n\tat org.testng.Assert.assertEqualsImpl(Assert.java:140)\n\tat org.testng.Assert.assertEquals(Assert.java:122)\n\tat org.testng.Assert.assertEquals(Assert.java:629)\n\tat org.testng.Assert.assertEquals(Assert.java:639)\n\tat io.qameta.allure.examples.cucumber6.WebSteps.maybeThrowAssertionException(WebSteps.java:97)\n\tat io.qameta.allure.examples.cucumber6.WebSteps.labelsShouldContainsNoteWithText(WebSteps.java:44)\n\tat ✽.I should see issue with label title \"hello\"(file:///home/runner/work/allure-cucumber6-testng-gradle-kts/allure-cucumber6-testng-gradle-kts/src/test/resources/features/labels-web.feature:20)\n","steps":[],"attachments":[],"parameters":[],"stepsCount":0,"attachmentsCount":0,"shouldDisplayMessage":true,"hasContent":true}],"attachments":[],"parameters":[],"stepsCount":4,"attachmentsCount":0,"shouldDisplayMessage":false,"hasContent":true},"afterStages":[],"labels":[{"name":"tag","value":"smoke"},{"name":"tag","value":"allure.label.jira:AE-1"},{"name":"host","value":"fv-az1100-623"},{"name":"thread","value":"2220@fv-az1100-623.Test worker(1)"},{"name":"feature","value":"Labels"},{"name":"story","value":"Add label to existing issue for authorized user"},{"name":"suite","value":"Labels"},{"name":"testClass","value":"Add label to existing issue for authorized user"},{"name":"framework","value":"cucumber6jvm"},{"name":"language","value":"java"},{"name":"gherkin_uri","value":"file:///home/runner/work/allure-cucumber6-testng-gradle-kts/allure-cucumber6-testng-gradle-kts/src/test/resources/features/labels-web.feature"},{"name":"package","value":"src.test.resources.features.labels-web_feature.Labels"},{"name":"resultFormat","value":"allure2"}],"parameters":[],"links":[],"hidden":false,"retry":false,"extra":{"severity":"normal","retries":[],"categories":[{"name":"Product defects","matchedStatuses":[],"flaky":false}],"tags":["smoke","allure.label.jira:AE-1"]},"source":"850b8a8ef31eef91.json","parameterValues":[]}